Faith Off
http://daclips.in/4vd0ray0eh01
http://gorillavid.in/x3t4qm0zg2m2
http://gorillavid.in/57et63n3fmy7
http://movpod.in/o51kyxbwuing
http://daclips.in/wvs7gu338f66
http://daclips.in/7nmom3y7mfst
http://movpod.in/cqude65gli9j
http://gorillavid.in/9fszpmre1yzb
http://www.movshare.net/video/cpp3z5yrvtibt
http://www.videoweed.es/file/hkplc6gbbzler
http://www.allmyvideos.net/fvtnkc1xboi4
http://www.filenuke.com/wmnpt7uz19b2
http://www.putlocker.com/?404
http://www.sockshare.com/?404
http://www.vidbux.com/mpfreaz6lcf3
http://movpod.in/5c5obpb4qmcu
http://www.clicktoview.org/b9y2kqz8gimh
http://www.nowvideo.eu/video/9uvgb1oxmhnmx
http://www.vidbull.com/zhjf4w1dhacc.html
