The Mansion Family
http://daclips.in/919ts4qzdh3z
http://gorillavid.in/vp30ehulmgto
http://gorillavid.in/19aaaczwp09a
http://movpod.in/8nhiqidwa82k
http://daclips.in/i56904oto6wg
http://movpod.in/vh6056xpbozb
http://daclips.in/fcsb3saun1ee
http://gorillavid.in/wfforxyhu5o6
http://www.movshare.net/video/ceattr5mbfof7
http://www.videoweed.es/file/77ybn3ydlywj9
http://www.filenuke.com/61qw9stu5b6h
http://www.allmyvideos.net/wu754dxxa7wk
http://www.putlocker.com/?404
http://www.sockshare.com/?404
http://movpod.in/2yi227nlgpii
http://www.clicktoview.org/l8u17us4ypju
http://www.vidbux.com/8oja2jj34emi
http://www.nowvideo.eu/video/hhtqsg1j5s1sw
http://www.vidbull.com/i337mf2bbx39.html
