The Ned-Liest Catch
http://daclips.in/o5uy4wv2sa01
http://gorillavid.in/xcqvc389s9v6
http://movpod.in/ok5grlbycxko
http://gorillavid.in/1b8nr4nu90yh
http://daclips.in/tcpxv7zvqsit
http://movpod.in/lkcgv2w2cxp8
http://gorillavid.in/s11ggkhle4o4
http://daclips.in/5vao7sufi0dt
http://www.movshare.net/video/n2gi345cmi76a
http://www.videoweed.es/file/9t365gi8prn63
http://www.vidxden.com/404.html
http://www.vidxden.com/404.html
http://www.vidbux.com/5yju9dpvoex8
http://www.vidxden.com/404.html
http://www.vidxden.com/404.html
http://www.vidxden.com/404.html
http://www.vidxden.com/404.html
http://www.filenuke.com/pdnk35akgruc
http://www.clicktoview.org/jz3136ogti37
http://movpod.in/mf5sl5ac1hwg
http://www.vidbux.com/z9jztl7rxs2b
