Treehouse of Horror XXI
http://daclips.in/6elhx6bqzr6d
http://movpod.in/o42t5s2j7pkt
http://gorillavid.in/f4wlw4efxii0
http://gorillavid.in/tivrallrn2uy
http://daclips.in/wbxayf9nof8i
http://movpod.in/lj0zt7wy7b43
http://daclips.in/los60bsqxpx1
http://gorillavid.in/9lvcrbo3qvax
http://www.vureel.com/video/20153/The-Simpsons-S22E04
http://www.novamov.com/video/4cd758fe0c926
http://www.videoweed.es/file/quiw82ldkjoc9
http://www.movshare.net/video/rbj27mrfaq4j4
http://www.vidbux.com/7mwvlhc26b2i
http://www.vidbux.com/6e0311tzq1em
http://www.vidbux.com/hslytr3hc8b0
http://www.filenuke.com/n1j403hz88wg
http://www.clicktoview.org/ktsl9d2gpvvs
http://www.vureel.com/video/20176/The-Simpsons-S22E04
http://www.vureel.com/video/20189/The-Simpsons-S22E04
http://movpod.in/52943sz02ign
http://www.vidbux.com/i702z9rh0fls
