Beware My Cheating Bart
http://daclips.in/kc7fz22y6h7g
http://movpod.in/k8y8sddx70os
http://gorillavid.in/b5xaubhh5864
http://gorillavid.in/gci2qo6ffp5h
http://daclips.in/ck1h9zqqf3ge
http://movpod.in/ouma56o7iefc
http://daclips.in/9vx6erl57tpw
http://gorillavid.in/rsmjxmuz0asn
http://www.novamov.com/video/984c2ccf8c917
http://www.novamov.com/video/079d8a8b11f55
http://www.novamov.com/video/9qb0lx33s4sxj
http://www.videoweed.es/file/31fe4ee7cc49b
http://www.videoweed.es/file/0ae0e618a4b2c
http://www.videoweed.es/file/6h84d5vc9wf6m
http://www.movshare.net/video/30619225ad0a3
http://www.movshare.net/video/30e3a8a21c0a5
http://www.movshare.net/video/trc9dhjee9xm8
http://muchshare.net/qtcth6h4gk5f
http://muchshare.net/b1k5czoihtxx
http://www.mixturecloud.com/media/jYCZlGJy
http://www.filebox.com/xxw4g5npwzve
