The Man in the Blue Flannel Pants
http://daclips.in/t45i966o1c1f
http://movpod.in/ygfypzsyd3yu
http://gorillavid.in/ot5n998bf931
http://gorillavid.in/ezmvxuvve20d
http://daclips.in/v9zlu2mm831p
http://movpod.in/f1274emmkau7
http://daclips.in/nzn3nkpmcac0
http://gorillavid.in/v9ir44z8u370
http://www.movshare.net/video/vvxls31wpn2a1
http://www.videoweed.es/file/yq7gc4tmeb9wn
http://www.novamov.com/video/7bef484e3688b
http://www.uploadc.com/udszwagc5rus/the.simpsons.2307.hdtv-lol.avi.htm
http://www.filenuke.com/3lomfqnflqdw
http://www.vidbux.com/404.html
http://www.muchshare.net/0sduqynw5u15
http://www.vidbux.com/404.html
http://www.clicktoview.org/ilojgiczglab
http://www.filenuke.com/sz2qzyfx4wtx
http://www.vidbux.com/2niwpxeck33p
http://movpod.in/oa58f0we05wy
