Replaceable You
http://daclips.in/xirtvk1iwhb7
http://movpod.in/37w127cjs0jq
http://gorillavid.in/frclt84bkffq
http://gorillavid.in/2339g297i2bk
http://daclips.in/08and5b3k9z4
http://movpod.in/b0u6syucukjk
http://daclips.in/1aad124drbq7
http://gorillavid.in/465fxp3zj68w
http://www.movshare.net/video/1vlj02j8q73t7
http://www.videoweed.es/file/1az6cp9ezg7u1
http://www.vidbux.com/dgrzg4ck9cdf
http://www.novamov.com/video/030497dd0f5cf
http://www.movreel.com/xmfzitntz7uz
http://www.filenuke.com/btzqcyesl1gs
http://www.muchshare.net/ebjdd72np1ee
http://www.uploadc.com/3s0gy8cyfks1/The.Simpsons.S23E04.HDTV.XviD-LOL.avi.htm
http://www.vidbux.com/33strnyi3xa1
http://www.vidbux.com/404.html
http://movpod.in/k0svefn61gbk
http://www.clicktoview.org/hi5ytumavphc
http://www.vidbull.com/st22trxtg75p.html
