The D'oh-cial Network
http://daclips.in/33elvw2ctjkk
http://movpod.in/ogqqi4tpn1ld
http://gorillavid.in/bkkavif93z8b
http://gorillavid.in/kqjx0cqnxk6c
http://daclips.in/mv53hie7s33w
http://movpod.in/4i18w51oa80a
http://daclips.in/z6re9dxn3u0v
http://gorillavid.in/ielci5cdz73v
http://www.movshare.net/video/b81i28s5171s1
http://www.novamov.com/video/a1b5f27f62bb8
http://www.videoweed.es/file/5csb46g693i18
http://www.movreel.com/t5d8bhke1h55
http://www.filenuke.com/fzxht8nxewfk
http://www.uploadc.com/am80n45romgy/the.simpsons.2311.hdtv-lol.avi.htm
http://www.vidbux.com/404.html
http://www.clicktoview.org/2fkucr3gzibb
http://www.vidbux.com/6rvytxid8hks
http://www.filenuke.com/n72kf2laarfp
http://movpod.in/aa05aq8el55g
