Lisa Goes Gaga
http://daclips.in/cey1l12kq9p5
http://movpod.in/yrme818goecf
http://gorillavid.in/mdeotfm27n53
http://gorillavid.in/oqhh3uq9sfwv
http://daclips.in/vbzrmdrme97r
http://movpod.in/35edmtqeq42m
http://daclips.in/4ipj233kzor9
http://gorillavid.in/o953wrnw5jeg
http://www.novamov.com/video/3240e35086e0c
http://www.novamov.com/video/c7842665c9c1c
http://www.novamov.com/video/eal8rybibh22j
http://www.videoweed.es/file/1c776ccfbb2ae
http://www.videoweed.es/file/2e51eedb3a73b
http://www.vureel.com/video/42864/The-Simpsons-S23E22
http://www.videoweed.es/file/qoup4u6k84n70
http://filenuke.com/o8qluswit3lg
http://www.vureel.com/video/42846/The-Simpsons-S23E22
http://muchshare.net/3uj22po1lwl7
http://www.vidbux.com/rsdf9rumt91g
http://hostingbulk.com/tvds9womvwmp.html
http://www.allmyvideos.net/q2ldniwcsn6s
