The Falcon and the D'Ohman
http://movpod.in/27hwtf8bh00t
http://daclips.in/9r27llumjxhh
http://gorillavid.in/u7ulylhvded4
http://gorillavid.in/1n52cb7rq17u
http://daclips.in/jmri8kqkvyk6
http://gorillavid.in/lerze2w5jcgd
http://daclips.in/cigwnxc9y4kj
http://movpod.in/xlvv6z1utcjw
http://www.movshare.net/video/xyppbihilboxl
http://www.videoweed.es/file/dipfx12dcjeee
http://www.novamov.com/video/74c20eb5cd0f0
http://www.putlocker.com/file/E67F2383FC82C5E2
http://www.vidbux.com/4nk4edbzt9vm
http://www.sockshare.com/file/5C4C0BEA1D48E6FB
http://www.movreel.com/7ealomcojllk
http://www.uploadc.com/zuzreyzpg4c9/The.Simpsons.S23E01.HDTV.XviD-LOL.avi.htm
http://www.filenuke.com/h2imwd86cwby
http://www.vidbux.com/404.html
http://www.muchshare.net/wcioa1tu6i17
http://www.vidbux.com/404.html
http://www.filenuke.com/e60ftz6qpi9g
