The Book Job
http://daclips.in/987udds6kjmv
http://movpod.in/mr4kwr03t2ew
http://gorillavid.in/4ah1lbhhpe11
http://gorillavid.in/hfw1z530ottg
http://daclips.in/zusew59sdrzh
http://movpod.in/cty96kqrejjv
http://daclips.in/hjrorqfw9b6h
http://gorillavid.in/my1uoi33p6zd
http://www.movshare.net/video/riqvpn51t05i4
http://www.videoweed.es/file/yifmcl6p37n6f
http://www.vidbux.com/l7z75kittcxd
http://www.novamov.com/video/34b9b529799d1
http://www.movreel.com/gpwlowziwvyn
http://www.filenuke.com/rv7nt91v1975
http://www.uploadc.com/hv6qecv8vgo0/The.Simpsons.S23E06.HDTV.XviD-LOL.avi.htm
http://www.muchshare.net/21xy7dfuaen0
http://www.vidbux.com/404.html
http://www.filenuke.com/a1at4rzdt8ds
http://www.clicktoview.org/68u1nrbw0a3j
http://movpod.in/ev1r1il20o8m
http://www.vidbux.com/330gcwbavgcf
