The Ten-Per-Cent Solution
http://daclips.in/gaojmuhq73ix
http://movpod.in/lve3wffihwzy
http://gorillavid.in/0xf04oy60hi1
http://gorillavid.in/kpp5hvj5wb3u
http://daclips.in/c50j1wwrznrs
http://movpod.in/n6xmrgmhxa39
http://gorillavid.in/583j2ydy110u
http://daclips.in/sq1j0izmzown
http://www.movshare.net/video/l3sfe05mq209r
http://veevr.com/videos/Smybht0Nf
http://www.videoweed.es/file/7gy72dalahybr
http://www.novamov.com/video/d7a3afcd6a637
http://www.uploadc.com/02kkjmbun9fq/the.simpsons.2308.hdtv-lol.avi.htm
http://www.filebox.com/fx26oa7pazgk
http://www.filenuke.com/wjnnkrdrkv0a
http://www.muchshare.net/gwpabq3tw752
http://www.clicktoview.org/vrs4q7hky4o4
http://www.vidbux.com/404.html
http://www.filenuke.com/u0jjf0cyn2mf
http://movpod.in/cjnlygqle70j
http://www.vidbux.com/9aabmbfahwxa
