The Spy Who Learned Me
http://daclips.in/jiejd6lz26yx
http://gorillavid.in/v8o29yqalju3
http://movpod.in/6uqxg4rkrqqd
http://gorillavid.in/upd9vznm7z6p
http://daclips.in/1rg1hauteat4
http://daclips.in/3mpukcy2bnjs
http://movpod.in/hu1s6i5v9mjj
http://gorillavid.in/2nytj0s3uas1
http://www.novamov.com/video/bccc9cd818f54
http://www.novamov.com/video/ihdsu18en0q6s
http://www.novamov.com/video/e671edac9be19
http://www.videoweed.es/file/530e1f10c5a35
http://www.videoweed.es/file/063dfa49fa443
http://www.videoweed.es/file/nsjn20t8jpoqv
http://www.movshare.net/video/4b9dca920cddd
http://www.movshare.net/video/59fc5c417fbac
http://allmyvideos.net/j4eekmyb9ogf
http://allmyvideos.net/8jupbu8spbaj
http://www.movshare.net/video/vm6mt91ro3kjo
http://www.vidxden.com/9z1rt9wz9ii3
http://www.vidbux.com/404.html
