Bart Stops to Smell the Roosevelts
http://daclips.in/1v6iqfkisjag
http://movpod.in/fn8smqrosgly
http://gorillavid.in/j1jzjnhbrgyh
http://gorillavid.in/yddyn21pyr6q
http://daclips.in/glmdmgcbkcxm
http://movpod.in/xystgj46pk6c
http://daclips.in/7g9ev3cvc4px
http://gorillavid.in/ohwzv4of7v64
http://www.movshare.net/video/g00xx9jp9c89g
http://www.novamov.com/video/80e1df80464eb
http://www.videoweed.es/file/xel0485kpn1wk
http://www.putlocker.com/file/EB55F60E53B60391
http://www.movreel.com/m06yn0pvoxhn
http://www.movreel.com/m06yn0pvoxhn
http://www.uploadc.com/b8jesqasz7s8/The.Simpsons.S23E02.HDTV.XviD-LOL.avi.htm
http://www.uploadc.com/gc6nkk79kxvn/The.Simpsons.S23E02.HDTV.XviD-LOL.avi.htm
http://www.muchshare.net/g9lxhxh2uagy
http://www.filenuke.com/4txyy4sndlan
http://www.sockshare.com/file/FE9DB108BCF5CE0B
http://www.vidbux.com/404.html
http://www.vidbux.com/404.html
