Treehouse of Horror XXII
http://daclips.in/zu5mgf26fx8n
http://movpod.in/ihu8avagh22s
http://gorillavid.in/axubbdegic28
http://gorillavid.in/fyhb20oj6led
http://daclips.in/pct5xm4iovyg
http://movpod.in/splvuuc0j2nc
http://daclips.in/n4ykzq3q21ox
http://gorillavid.in/p4ybhorodyhn
http://www.movshare.net/video/oe7ea5koqgrmp
http://www.videoweed.es/file/3lnzyjy6h3ah1
http://www.novamov.com/video/21387bf5e5fec
http://www.vidbux.com/404.html
http://www.filenuke.com/43bf7zxsgg83
http://www.uploadc.com/rt2yg2z3f2ej/The.Simpsons.S23E03.HDTV.XviD-LOL.avi.htm
http://www.vidbux.com/404.html
http://www.vidbux.com/404.html
http://www.filenuke.com/6illriyhmnpi
http://www.clicktoview.org/vai2xjz41jlu
http://www.vidbux.com/a5u0rprhr4l5
http://movpod.in/9z5qalm9l8sr
