Ned 'N' Edna's Blend
http://daclips.in/dov7xb49w87s
http://movpod.in/ypy2kjgp7qdl
http://gorillavid.in/1ue2bsmoazxn
http://gorillavid.in/zh085ighk8ir
http://www.novamov.com/video/a24328c1a8c56
http://movpod.in/sb7na5rd5w8c
http://daclips.in/cvpn2cdpt68y
http://gorillavid.in/4iymsseoo40l
http://www.novamov.com/video/sjwplb3rofa49
http://www.videoweed.es/file/81462e58a1964
http://www.videoweed.es/file/331406c583903
http://www.videoweed.es/file/5m8yn5bctxlc6
http://www.vureel.com/video/42493/The-Simpsons-S23E21
http://www.vidxden.com/q8vz60lyg98v
http://filenuke.com/i3rjef98pn22
http://hostingbulk.com/ybkerv8b47g2.html
http://www.vidxden.com/0c1kuxsgyaai
http://www.vidbux.com/404.html
http://www.hostingbulk.com/xluevq99s07x.html
http://www.filebox.com/yn8nuzohik9j
http://www.filebox.com/m8ngrco42ecx
