A Totally Fun Thing That Bart Will Never Do Again
http://daclips.in/vn18xf6v5xms
http://movpod.in/9sv63e0v019o
http://gorillavid.in/obn7kscejn20
http://gorillavid.in/6qicm09ixlk7
http://daclips.in/0fuvwg63g7v6
http://movpod.in/p5gph5xvt3xn
http://gorillavid.in/387sedvqdir4
http://daclips.in/5zaihcgfqb0x
http://www.novamov.com/video/a9691e72fa5db
http://www.novamov.com/video/af563bdbc1aa0
http://www.novamov.com/video/2an3v0mnctjm9
http://www.videoweed.es/file/6d6cc4f461f09
http://www.videoweed.es/file/27de6e716fdc6
http://www.videoweed.es/file/zjqc0vmk0js3j
http://www.uploadc.com/65yvkd0x3qeb/the.simpsons.2319.hdtv-lol.mp4.htm
http://www.uploadc.com/yhr6xwpoh5ox/the.simpsons.s23e19.hdtv-lol.mp4.htm
http://www.muchshare.net/xk7d4gm6aozw
http://www.uploadc.com/jyr2wyvu3chn/the.simpsons.s23e19.hdtv-lol.mp4.htm
http://www.vidbux.com/404.html
http://www.vidxden.com/404.html
http://www.vidxden.com/404.html
