Moe Goes From Rags To Riches
http://daclips.in/mf1ugfswdz20
http://movpod.in/8ob4hqscbjr4
http://gorillavid.in/5gdhpdloqhfa
http://gorillavid.in/ff73layngflb
http://daclips.in/f3ecsy8km4qp
http://movpod.in/ji848zl1fvhw
http://daclips.in/723tarssahhe
http://gorillavid.in/7g2zto0xv2k7
http://www.novamov.com/video/a2w0rce1s8rzk
http://www.videoweed.es/file/ja1kdlx598sfj
http://www.movshare.net/video/yo9a3efmax4z7
http://www.movreel.com/7k34ub1yf7rr
http://www.vidbux.com/404.html
http://www.vidbux.com/404.html
http://www.uploadc.com/smsfzymtt6je/the.simpsons.2312.hdtv-lol.avi.htm
http://www.uploadc.com/4j5k6297wvvd
http://www.uploadc.com/wa946rktfcjj/grandleech.com_TV-Release.Net_The.Simpsons.S23E12.480p.HDTV.x264-mSD.mkv.htm
http://www.uploadc.com/tyvq9cs1guru/grandleech.com_TV-Release.Net_The.Simpsons.S23E12.480p.HDTV.x264-mSD.mkv.htm
http://www.filenuke.com/yqyz9tahdnj1
http://www.vidbux.com/404.html
http://www.clicktoview.org/579n7vf14o6k
