How I Wet Your Mother
http://gorillavid.in/7l6ephvbrsr4
http://daclips.in/u719j2gt4t6v
http://movpod.in/oofw4hefkf1u
http://gorillavid.in/xvxk55ra7w72
http://daclips.in/t4dkm6u5bcj2
http://daclips.in/7vj7h2wtzp5i
http://movpod.in/6tjyxtfgvt5t
http://gorillavid.in/a2lwykl83vlg
http://www.novamov.com/video/a2c2527decbc0
http://www.novamov.com/video/474bc3fb9a88d
http://www.novamov.com/video/36fedffe89596
http://www.novamov.com/video/f4080a23e42c5
http://www.novamov.com/video/ac33800bdad11
http://www.novamov.com/video/moifym5jv51du
http://www.videoweed.es/file/b020ec7c1214a
http://www.videoweed.es/file/79e0b4b546886
http://www.videoweed.es/file/a9e7c2613a108
http://www.videoweed.es/file/e17e999d6a4b0
http://www.videoweed.es/file/h4rl3f9lk907x
http://www.videoweed.es/file/89d5c3fb64d0d
http://www.movshare.net/video/a4a1270f7f73a
