Holidays Of Future Passed
http://movpod.in/fec5w2b6bv2x
http://daclips.in/gy0ciocxc8up
http://gorillavid.in/26feflrp8wqc
http://gorillavid.in/i485ma62oq2x
http://daclips.in/vclstueochwp
http://movpod.in/c9jggwj1wclu
http://daclips.in/5bm5uki0bxl5
http://gorillavid.in/xixnkhl38icm
http://www.movshare.net/video/xswf7x2ajysps
http://www.vidbux.com/6qlxrtf22n95
http://www.videoweed.es/file/l1gt8gre5cib6
http://www.novamov.com/video/aa957f5e9e737
http://www.uploadc.com/gx1tao8oj3bp/Simpsons.S23E09.HDTV.XviD-LOL.avi.htm
http://www.uploadc.com/evnmtxlqez7l/the.simpsons.2309.hdtv-lol.avi.htm
http://www.uploadc.com/vua6v54njvhy/Simpsons.S23E09.HDTV.XviD-LOL.avi.htm
http://www.muchshare.net/dc44cbt36w9c
http://www.filenuke.com/m6ult3ph1r2v
http://www.vidbux.com/404.html
http://www.vidbux.com/404.html
http://www.clicktoview.org/s3iv1cxnfbgl
http://www.filenuke.com/fjkup6weiow1
