Them, Robot
http://daclips.in/i2trqn9cs2ih
http://movpod.in/cn2p0bl4as6e
http://gorillavid.in/vye88m1pu9tf
http://gorillavid.in/gr0lsk47mmym
http://daclips.in/vy3j3sw5g9li
http://daclips.in/mh323nsg3d82
http://movpod.in/e06yrcknl4s7
http://gorillavid.in/xb4k74s11yje
http://www.novamov.com/video/ba89455e6302b
http://www.novamov.com/video/fdb6a0df86048
http://www.novamov.com/video/43e0211f955ce
http://www.novamov.com/video/cd26295ccfdc6
http://www.novamov.com/video/18b8468f30fed
http://www.novamov.com/video/o6d9t3jsdvrvw
http://www.videoweed.es/file/f853d9399f0b4
http://www.videoweed.es/file/18a7a7fbf7ee0
http://www.videoweed.es/file/a43eec2e1daec
http://www.videoweed.es/file/10d07d5d6a56e
http://www.videoweed.es/file/da8a2790493f5
http://www.videoweed.es/file/kg80fbexl7p9c
http://www.movshare.net/video/c2740da9c4319
