Treehouse of Horror XXIII
http://daclips.in/kfxhjuyb7ktq
http://gorillavid.in/hze7ovndxcvi
http://daclips.in/l4xk10sd2goz
http://movpod.in/l6jtr8vocdfi
http://movpod.in/3ehbv8p7wng5
http://gorillavid.in/0dxjp6n2qxf7
http://www.videoweed.es/file/6127f046da353
http://daclips.in/pp1hmqcege8l
http://www.videoweed.es/file/1644de097b082
http://www.novamov.com/video/55703120ae68a
http://www.novamov.com/video/fbf2a48d2628c
http://www.movshare.net/video/4b06aac87b3e5
http://www.movshare.net/video/d6b12a35f6b82
http://www.divxstage.eu/video/db42f7af92145
http://www.vureel.com/video/52042/The-Simpsons-S24E02-GoogleSEO
http://www.nowvideo.eu/video/cd6bf046777cc
http://www.vidxden.com/wk4lukpxz58g
http://www.vidxden.com/t4yb0lbkpxre
http://www.vidbux.com/53u9ecm4oi2v
http://www.filenuke.com/eyndlvhlytq7
http://www.vidbux.com/pill65k4zzbu
