Moonshine River
http://daclips.in/eu0poefqn88q
http://gorillavid.in/ylh5pmo4c3yu
http://movpod.in/uzepw0fazsy3
http://gorillavid.in/ogpq8cvb4mf8
http://daclips.in/7fjbhkumj09q
http://movpod.in/fyichxzxyv30
http://gorillavid.in/2cgz6xq6s6jj
http://daclips.in/jnlndpw425u1
http://www.videoweed.es/file/00aad459dd14b
http://www.videoweed.es/file/1ff4ba0f39c8a
http://www.novamov.com/video/f7b9cdf45d551
http://www.novamov.com/video/118c1ab786afd
http://www.movshare.net/video/11334d9d8e7fa
http://www.movshare.net/video/77d51a39bd166
http://www.nowvideo.eu/video/48ae245f0631f
http://www.vureel.com/video/51653/TheSimpsonsS24E01Dast
http://www.movreel.com/kfwlj2z4wcdp
http://www.movreel.com/1l94ldg1qj9g
http://www.muchshare.net/6apmn0mypi1m
http://www.muchshare.net/181rlmq53lsa
http://www.filenuke.com/ujb71l6l6jwb
